<?xml version="1.0" encoding="UTF-8"?>
<!-- Generated by org.testng.reporters.JUnitReportReporter -->
<testsuite skipped="0" hostname="DESKTOP-J4CRO8M" name="runner.TestRunner" tests="1" failures="0" timestamp="09 Dec 2019 04:29:21 GMT" time="20.094" errors="0">
  <testcase name="feature" time="20.094" classname="runner.TestRunner"/>
</testsuite> <!-- runner.TestRunner -->
