<?xml version="1.0" encoding="UTF-8"?>
<!-- Generated by org.testng.reporters.JUnitReportReporter -->
<testsuite skipped="0" hostname="DESKTOP-J4CRO8M" name="runner.TestRunner" tests="1" failures="0" timestamp="10 Dec 2019 03:47:48 GMT" time="99.367" errors="0">
  <testcase name="feature" time="99.367" classname="runner.TestRunner"/>
</testsuite> <!-- runner.TestRunner -->
